2020-11-18 11:27:24,807 WARN  [SoapUI] Missing folder [C:\Users\RadhaSiddeshwaraiah\Documents\MTM\SoapAssignment\my-Aproj\ext] for external libraries
2020-11-18 11:27:25,114 INFO  [DefaultSoapUICore] initialized soapui-settings from [C:\Users\RadhaSiddeshwaraiah\soapui-settings.xml]
2020-11-18 11:27:30,392 INFO  [PluginManager] Adding plugin from [C:\Users\RadhaSiddeshwaraiah\.soapuios\plugins\ready-mqtt-plugin-dist.jar]
2020-11-18 11:27:30,394 INFO  [PluginManager] Adding plugin from [C:\Users\RadhaSiddeshwaraiah\.soapuios\plugins\soapui-swagger-plugin-2.2-dist.jar]
2020-11-18 11:27:31,913 ERROR [SoapUI] An error occurred [com.eviware.soapui.plugins.auto.factories.AutoDiscoveryMethodFactory], see error log for details
2020-11-18 11:27:31,916 ERROR [errorlog] java.lang.ClassNotFoundException: com.eviware.soapui.plugins.auto.factories.AutoDiscoveryMethodFactory
java.lang.ClassNotFoundException: com.eviware.soapui.plugins.auto.factories.AutoDiscoveryMethodFactory
	at org.codehaus.plexus.classworlds.strategy.SelfFirstStrategy.loadClass(SelfFirstStrategy.java:50)
	at org.codehaus.plexus.classworlds.realm.ClassRealm.unsynchronizedLoadClass(ClassRealm.java:271)
	at org.codehaus.plexus.classworlds.realm.ClassRealm.loadClass(ClassRealm.java:247)
	at org.codehaus.plexus.classworlds.realm.ClassRealm.loadClass(ClassRealm.java:239)
	at java.lang.Class.forName0(Native Method)
	at java.lang.Class.forName(Class.java:264)
	at com.eviware.soapui.plugins.LoaderBase.loadAutoFactories(LoaderBase.java:113)
	at com.eviware.soapui.plugins.LoaderBase.loadFactories(LoaderBase.java:80)
	at com.eviware.soapui.plugins.PluginLoader.loadPluginFactories(PluginLoader.java:141)
	at com.eviware.soapui.plugins.PluginLoader.loadPlugin(PluginLoader.java:104)
	at com.eviware.soapui.plugins.PluginLoader.loadPlugin(PluginLoader.java:54)
	at com.eviware.soapui.plugins.PluginManager.doInstallPlugin(PluginManager.java:141)
	at com.eviware.soapui.plugins.PluginManager.access$600(PluginManager.java:43)
	at com.eviware.soapui.plugins.PluginManager$LoadPluginsTask.computeSequentially(PluginManager.java:420)
	at com.eviware.soapui.plugins.PluginManager$LoadPluginsTask.compute(PluginManager.java:377)
	at com.eviware.soapui.plugins.PluginManager$LoadPluginsTask.compute(PluginManager.java:382)
	at com.eviware.soapui.plugins.PluginManager$LoadPluginsTask.compute(PluginManager.java:365)
	at java.util.concurrent.RecursiveTask.exec(RecursiveTask.java:94)
	at java.util.concurrent.ForkJoinTask.doExec(ForkJoinTask.java:289)
	at java.util.concurrent.ForkJoinPool$WorkQueue.runTask(ForkJoinPool.java:1056)
	at java.util.concurrent.ForkJoinPool.runWorker(ForkJoinPool.java:1692)
	at java.util.concurrent.ForkJoinWorkerThread.run(ForkJoinWorkerThread.java:157)
2020-11-18 11:27:32,088 ERROR [SoapUI] An error occurred [com.eviware.soapui.plugins.auto.factories.AutoImportMethodFactory], see error log for details
2020-11-18 11:27:32,090 ERROR [errorlog] java.lang.ClassNotFoundException: com.eviware.soapui.plugins.auto.factories.AutoImportMethodFactory
java.lang.ClassNotFoundException: com.eviware.soapui.plugins.auto.factories.AutoImportMethodFactory
	at org.codehaus.plexus.classworlds.strategy.SelfFirstStrategy.loadClass(SelfFirstStrategy.java:50)
	at org.codehaus.plexus.classworlds.realm.ClassRealm.unsynchronizedLoadClass(ClassRealm.java:271)
	at org.codehaus.plexus.classworlds.realm.ClassRealm.loadClass(ClassRealm.java:247)
	at org.codehaus.plexus.classworlds.realm.ClassRealm.loadClass(ClassRealm.java:239)
	at java.lang.Class.forName0(Native Method)
	at java.lang.Class.forName(Class.java:264)
	at com.eviware.soapui.plugins.LoaderBase.loadAutoFactories(LoaderBase.java:113)
	at com.eviware.soapui.plugins.LoaderBase.loadFactories(LoaderBase.java:80)
	at com.eviware.soapui.plugins.PluginLoader.loadPluginFactories(PluginLoader.java:141)
	at com.eviware.soapui.plugins.PluginLoader.loadPlugin(PluginLoader.java:104)
	at com.eviware.soapui.plugins.PluginLoader.loadPlugin(PluginLoader.java:54)
	at com.eviware.soapui.plugins.PluginManager.doInstallPlugin(PluginManager.java:141)
	at com.eviware.soapui.plugins.PluginManager.access$600(PluginManager.java:43)
	at com.eviware.soapui.plugins.PluginManager$LoadPluginsTask.computeSequentially(PluginManager.java:420)
	at com.eviware.soapui.plugins.PluginManager$LoadPluginsTask.compute(PluginManager.java:377)
	at com.eviware.soapui.plugins.PluginManager$LoadPluginsTask.compute(PluginManager.java:382)
	at com.eviware.soapui.plugins.PluginManager$LoadPluginsTask.compute(PluginManager.java:365)
	at java.util.concurrent.RecursiveTask.exec(RecursiveTask.java:94)
	at java.util.concurrent.ForkJoinTask.doExec(ForkJoinTask.java:289)
	at java.util.concurrent.ForkJoinPool$WorkQueue.runTask(ForkJoinPool.java:1056)
	at java.util.concurrent.ForkJoinPool.runWorker(ForkJoinPool.java:1692)
	at java.util.concurrent.ForkJoinWorkerThread.run(ForkJoinWorkerThread.java:157)
2020-11-18 11:27:32,169 ERROR [SoapUI] An error occurred [com.eviware.soapui.plugins.auto.factories.AutoDiscoveryMethodFactory], see error log for details
2020-11-18 11:27:32,170 ERROR [errorlog] java.lang.ClassNotFoundException: com.eviware.soapui.plugins.auto.factories.AutoDiscoveryMethodFactory
java.lang.ClassNotFoundException: com.eviware.soapui.plugins.auto.factories.AutoDiscoveryMethodFactory
	at org.codehaus.plexus.classworlds.strategy.SelfFirstStrategy.loadClass(SelfFirstStrategy.java:50)
	at org.codehaus.plexus.classworlds.realm.ClassRealm.unsynchronizedLoadClass(ClassRealm.java:271)
	at org.codehaus.plexus.classworlds.realm.ClassRealm.loadClass(ClassRealm.java:247)
	at org.codehaus.plexus.classworlds.realm.ClassRealm.loadClass(ClassRealm.java:239)
	at java.lang.Class.forName0(Native Method)
	at java.lang.Class.forName(Class.java:264)
	at com.eviware.soapui.plugins.LoaderBase.loadAutoFactories(LoaderBase.java:113)
	at com.eviware.soapui.plugins.LoaderBase.loadFactories(LoaderBase.java:80)
	at com.eviware.soapui.plugins.PluginLoader.loadPluginFactories(PluginLoader.java:141)
	at com.eviware.soapui.plugins.PluginLoader.loadPlugin(PluginLoader.java:104)
	at com.eviware.soapui.plugins.PluginLoader.loadPlugin(PluginLoader.java:54)
	at com.eviware.soapui.plugins.PluginManager.doInstallPlugin(PluginManager.java:141)
	at com.eviware.soapui.plugins.PluginManager.access$600(PluginManager.java:43)
	at com.eviware.soapui.plugins.PluginManager$LoadPluginsTask.computeSequentially(PluginManager.java:420)
	at com.eviware.soapui.plugins.PluginManager$LoadPluginsTask.compute(PluginManager.java:377)
	at com.eviware.soapui.plugins.PluginManager$LoadPluginsTask.compute(PluginManager.java:365)
	at java.util.concurrent.RecursiveTask.exec(RecursiveTask.java:94)
	at java.util.concurrent.ForkJoinTask.doExec(ForkJoinTask.java:289)
	at java.util.concurrent.ForkJoinPool$WorkQueue.runTask(ForkJoinPool.java:1056)
	at java.util.concurrent.ForkJoinPool.runWorker(ForkJoinPool.java:1692)
	at java.util.concurrent.ForkJoinWorkerThread.run(ForkJoinWorkerThread.java:157)
2020-11-18 11:27:32,257 INFO  [PluginManager] Adding plugin from [C:\Users\RadhaSiddeshwaraiah\.soapuios\plugins\ready-uxm-plugin-1.0.1-dist.jar]
2020-11-18 11:27:32,460 ERROR [SoapUI] An error occurred [com.eviware.soapui.plugins.auto.factories.AutoImportMethodFactory], see error log for details
2020-11-18 11:27:32,461 ERROR [errorlog] java.lang.ClassNotFoundException: com.eviware.soapui.plugins.auto.factories.AutoImportMethodFactory
java.lang.ClassNotFoundException: com.eviware.soapui.plugins.auto.factories.AutoImportMethodFactory
	at org.codehaus.plexus.classworlds.strategy.SelfFirstStrategy.loadClass(SelfFirstStrategy.java:50)
	at org.codehaus.plexus.classworlds.realm.ClassRealm.unsynchronizedLoadClass(ClassRealm.java:271)
	at org.codehaus.plexus.classworlds.realm.ClassRealm.loadClass(ClassRealm.java:247)
	at org.codehaus.plexus.classworlds.realm.ClassRealm.loadClass(ClassRealm.java:239)
	at java.lang.Class.forName0(Native Method)
	at java.lang.Class.forName(Class.java:264)
	at com.eviware.soapui.plugins.LoaderBase.loadAutoFactories(LoaderBase.java:113)
	at com.eviware.soapui.plugins.LoaderBase.loadFactories(LoaderBase.java:80)
	at com.eviware.soapui.plugins.PluginLoader.loadPluginFactories(PluginLoader.java:141)
	at com.eviware.soapui.plugins.PluginLoader.loadPlugin(PluginLoader.java:104)
	at com.eviware.soapui.plugins.PluginLoader.loadPlugin(PluginLoader.java:54)
	at com.eviware.soapui.plugins.PluginManager.doInstallPlugin(PluginManager.java:141)
	at com.eviware.soapui.plugins.PluginManager.access$600(PluginManager.java:43)
	at com.eviware.soapui.plugins.PluginManager$LoadPluginsTask.computeSequentially(PluginManager.java:420)
	at com.eviware.soapui.plugins.PluginManager$LoadPluginsTask.compute(PluginManager.java:377)
	at com.eviware.soapui.plugins.PluginManager$LoadPluginsTask.compute(PluginManager.java:365)
	at java.util.concurrent.RecursiveTask.exec(RecursiveTask.java:94)
	at java.util.concurrent.ForkJoinTask.doExec(ForkJoinTask.java:289)
	at java.util.concurrent.ForkJoinPool$WorkQueue.runTask(ForkJoinPool.java:1056)
	at java.util.concurrent.ForkJoinPool.runWorker(ForkJoinPool.java:1692)
	at java.util.concurrent.ForkJoinWorkerThread.run(ForkJoinWorkerThread.java:157)
2020-11-18 11:27:32,626 INFO  [PluginManager] Adding plugin from [C:\Users\RadhaSiddeshwaraiah\.soapuios\plugins\readyapi-postman-1.0.1.jar]
2020-11-18 11:27:33,437 ERROR [SoapUI] An error occurred [com.eviware.soapui.plugins.auto.factories.AutoDiscoveryMethodFactory], see error log for details
2020-11-18 11:27:33,438 ERROR [errorlog] java.lang.ClassNotFoundException: com.eviware.soapui.plugins.auto.factories.AutoDiscoveryMethodFactory
java.lang.ClassNotFoundException: com.eviware.soapui.plugins.auto.factories.AutoDiscoveryMethodFactory
	at org.codehaus.plexus.classworlds.strategy.SelfFirstStrategy.loadClass(SelfFirstStrategy.java:50)
	at org.codehaus.plexus.classworlds.realm.ClassRealm.unsynchronizedLoadClass(ClassRealm.java:271)
	at org.codehaus.plexus.classworlds.realm.ClassRealm.loadClass(ClassRealm.java:247)
	at org.codehaus.plexus.classworlds.realm.ClassRealm.loadClass(ClassRealm.java:239)
	at java.lang.Class.forName0(Native Method)
	at java.lang.Class.forName(Class.java:264)
	at com.eviware.soapui.plugins.LoaderBase.loadAutoFactories(LoaderBase.java:113)
	at com.eviware.soapui.plugins.LoaderBase.loadFactories(LoaderBase.java:80)
	at com.eviware.soapui.plugins.PluginLoader.loadPluginFactories(PluginLoader.java:141)
	at com.eviware.soapui.plugins.PluginLoader.loadPlugin(PluginLoader.java:104)
	at com.eviware.soapui.plugins.PluginLoader.loadPlugin(PluginLoader.java:54)
	at com.eviware.soapui.plugins.PluginManager.doInstallPlugin(PluginManager.java:141)
	at com.eviware.soapui.plugins.PluginManager.access$600(PluginManager.java:43)
	at com.eviware.soapui.plugins.PluginManager$LoadPluginsTask.computeSequentially(PluginManager.java:420)
	at com.eviware.soapui.plugins.PluginManager$LoadPluginsTask.compute(PluginManager.java:377)
	at com.eviware.soapui.plugins.PluginManager$LoadPluginsTask.compute(PluginManager.java:382)
	at com.eviware.soapui.plugins.PluginManager$LoadPluginsTask.compute(PluginManager.java:365)
	at java.util.concurrent.RecursiveTask.exec(RecursiveTask.java:94)
	at java.util.concurrent.ForkJoinTask.doExec(ForkJoinTask.java:289)
	at java.util.concurrent.ForkJoinPool$WorkQueue.runTask(ForkJoinPool.java:1056)
	at java.util.concurrent.ForkJoinPool.runWorker(ForkJoinPool.java:1692)
	at java.util.concurrent.ForkJoinWorkerThread.run(ForkJoinWorkerThread.java:157)
2020-11-18 11:27:33,529 ERROR [SoapUI] An error occurred [com.eviware.soapui.plugins.auto.factories.AutoDiscoveryMethodFactory], see error log for details
2020-11-18 11:27:33,532 ERROR [errorlog] java.lang.ClassNotFoundException: com.eviware.soapui.plugins.auto.factories.AutoDiscoveryMethodFactory
java.lang.ClassNotFoundException: com.eviware.soapui.plugins.auto.factories.AutoDiscoveryMethodFactory
	at org.codehaus.plexus.classworlds.strategy.SelfFirstStrategy.loadClass(SelfFirstStrategy.java:50)
	at org.codehaus.plexus.classworlds.realm.ClassRealm.unsynchronizedLoadClass(ClassRealm.java:271)
	at org.codehaus.plexus.classworlds.realm.ClassRealm.loadClass(ClassRealm.java:247)
	at org.codehaus.plexus.classworlds.realm.ClassRealm.loadClass(ClassRealm.java:239)
	at java.lang.Class.forName0(Native Method)
	at java.lang.Class.forName(Class.java:264)
	at com.eviware.soapui.plugins.LoaderBase.loadAutoFactories(LoaderBase.java:113)
	at com.eviware.soapui.plugins.LoaderBase.loadFactories(LoaderBase.java:80)
	at com.eviware.soapui.plugins.PluginLoader.loadPluginFactories(PluginLoader.java:141)
	at com.eviware.soapui.plugins.PluginLoader.loadPlugin(PluginLoader.java:104)
	at com.eviware.soapui.plugins.PluginLoader.loadPlugin(PluginLoader.java:54)
	at com.eviware.soapui.plugins.PluginManager.doInstallPlugin(PluginManager.java:141)
	at com.eviware.soapui.plugins.PluginManager.access$600(PluginManager.java:43)
	at com.eviware.soapui.plugins.PluginManager$LoadPluginsTask.computeSequentially(PluginManager.java:420)
	at com.eviware.soapui.plugins.PluginManager$LoadPluginsTask.compute(PluginManager.java:377)
	at com.eviware.soapui.plugins.PluginManager$LoadPluginsTask.compute(PluginManager.java:365)
	at java.util.concurrent.RecursiveTask.exec(RecursiveTask.java:94)
	at java.util.concurrent.ForkJoinTask.doExec(ForkJoinTask.java:289)
	at java.util.concurrent.ForkJoinPool$WorkQueue.runTask(ForkJoinPool.java:1056)
	at java.util.concurrent.ForkJoinPool.runWorker(ForkJoinPool.java:1692)
	at java.util.concurrent.ForkJoinWorkerThread.run(ForkJoinWorkerThread.java:157)
2020-11-18 11:27:33,567 ERROR [SoapUI] An error occurred [com.eviware.soapui.plugins.auto.factories.AutoImportMethodFactory], see error log for details
2020-11-18 11:27:33,568 ERROR [errorlog] java.lang.ClassNotFoundException: com.eviware.soapui.plugins.auto.factories.AutoImportMethodFactory
java.lang.ClassNotFoundException: com.eviware.soapui.plugins.auto.factories.AutoImportMethodFactory
	at org.codehaus.plexus.classworlds.strategy.SelfFirstStrategy.loadClass(SelfFirstStrategy.java:50)
	at org.codehaus.plexus.classworlds.realm.ClassRealm.unsynchronizedLoadClass(ClassRealm.java:271)
	at org.codehaus.plexus.classworlds.realm.ClassRealm.loadClass(ClassRealm.java:247)
	at org.codehaus.plexus.classworlds.realm.ClassRealm.loadClass(ClassRealm.java:239)
	at java.lang.Class.forName0(Native Method)
	at java.lang.Class.forName(Class.java:264)
	at com.eviware.soapui.plugins.LoaderBase.loadAutoFactories(LoaderBase.java:113)
	at com.eviware.soapui.plugins.LoaderBase.loadFactories(LoaderBase.java:80)
	at com.eviware.soapui.plugins.PluginLoader.loadPluginFactories(PluginLoader.java:141)
	at com.eviware.soapui.plugins.PluginLoader.loadPlugin(PluginLoader.java:104)
	at com.eviware.soapui.plugins.PluginLoader.loadPlugin(PluginLoader.java:54)
	at com.eviware.soapui.plugins.PluginManager.doInstallPlugin(PluginManager.java:141)
	at com.eviware.soapui.plugins.PluginManager.access$600(PluginManager.java:43)
	at com.eviware.soapui.plugins.PluginManager$LoadPluginsTask.computeSequentially(PluginManager.java:420)
	at com.eviware.soapui.plugins.PluginManager$LoadPluginsTask.compute(PluginManager.java:377)
	at com.eviware.soapui.plugins.PluginManager$LoadPluginsTask.compute(PluginManager.java:382)
	at com.eviware.soapui.plugins.PluginManager$LoadPluginsTask.compute(PluginManager.java:365)
	at java.util.concurrent.RecursiveTask.exec(RecursiveTask.java:94)
	at java.util.concurrent.ForkJoinTask.doExec(ForkJoinTask.java:289)
	at java.util.concurrent.ForkJoinPool$WorkQueue.runTask(ForkJoinPool.java:1056)
	at java.util.concurrent.ForkJoinPool.runWorker(ForkJoinPool.java:1692)
	at java.util.concurrent.ForkJoinWorkerThread.run(ForkJoinWorkerThread.java:157)
2020-11-18 11:27:33,678 ERROR [SoapUI] An error occurred [com.eviware.soapui.plugins.auto.factories.AutoImportMethodFactory], see error log for details
2020-11-18 11:27:33,681 ERROR [errorlog] java.lang.ClassNotFoundException: com.eviware.soapui.plugins.auto.factories.AutoImportMethodFactory
java.lang.ClassNotFoundException: com.eviware.soapui.plugins.auto.factories.AutoImportMethodFactory
	at org.codehaus.plexus.classworlds.strategy.SelfFirstStrategy.loadClass(SelfFirstStrategy.java:50)
	at org.codehaus.plexus.classworlds.realm.ClassRealm.unsynchronizedLoadClass(ClassRealm.java:271)
	at org.codehaus.plexus.classworlds.realm.ClassRealm.loadClass(ClassRealm.java:247)
	at org.codehaus.plexus.classworlds.realm.ClassRealm.loadClass(ClassRealm.java:239)
	at java.lang.Class.forName0(Native Method)
	at java.lang.Class.forName(Class.java:264)
	at com.eviware.soapui.plugins.LoaderBase.loadAutoFactories(LoaderBase.java:113)
	at com.eviware.soapui.plugins.LoaderBase.loadFactories(LoaderBase.java:80)
	at com.eviware.soapui.plugins.PluginLoader.loadPluginFactories(PluginLoader.java:141)
	at com.eviware.soapui.plugins.PluginLoader.loadPlugin(PluginLoader.java:104)
	at com.eviware.soapui.plugins.PluginLoader.loadPlugin(PluginLoader.java:54)
	at com.eviware.soapui.plugins.PluginManager.doInstallPlugin(PluginManager.java:141)
	at com.eviware.soapui.plugins.PluginManager.access$600(PluginManager.java:43)
	at com.eviware.soapui.plugins.PluginManager$LoadPluginsTask.computeSequentially(PluginManager.java:420)
	at com.eviware.soapui.plugins.PluginManager$LoadPluginsTask.compute(PluginManager.java:377)
	at com.eviware.soapui.plugins.PluginManager$LoadPluginsTask.compute(PluginManager.java:365)
	at java.util.concurrent.RecursiveTask.exec(RecursiveTask.java:94)
	at java.util.concurrent.ForkJoinTask.doExec(ForkJoinTask.java:289)
	at java.util.concurrent.ForkJoinPool$WorkQueue.runTask(ForkJoinPool.java:1056)
	at java.util.concurrent.ForkJoinPool.runWorker(ForkJoinPool.java:1692)
	at java.util.concurrent.ForkJoinWorkerThread.run(ForkJoinWorkerThread.java:157)
2020-11-18 11:27:33,820 INFO  [PluginManager] Adding plugin from [C:\Users\RadhaSiddeshwaraiah\.soapuios\plugins\readyapi-swaggerhub-plugin-1.0.jar]
2020-11-18 11:27:34,367 ERROR [SoapUI] An error occurred [com.eviware.soapui.plugins.auto.factories.AutoDiscoveryMethodFactory], see error log for details
2020-11-18 11:27:34,368 ERROR [errorlog] java.lang.ClassNotFoundException: com.eviware.soapui.plugins.auto.factories.AutoDiscoveryMethodFactory
java.lang.ClassNotFoundException: com.eviware.soapui.plugins.auto.factories.AutoDiscoveryMethodFactory
	at org.codehaus.plexus.classworlds.strategy.SelfFirstStrategy.loadClass(SelfFirstStrategy.java:50)
	at org.codehaus.plexus.classworlds.realm.ClassRealm.unsynchronizedLoadClass(ClassRealm.java:271)
	at org.codehaus.plexus.classworlds.realm.ClassRealm.loadClass(ClassRealm.java:247)
	at org.codehaus.plexus.classworlds.realm.ClassRealm.loadClass(ClassRealm.java:239)
	at java.lang.Class.forName0(Native Method)
	at java.lang.Class.forName(Class.java:264)
	at com.eviware.soapui.plugins.LoaderBase.loadAutoFactories(LoaderBase.java:113)
	at com.eviware.soapui.plugins.LoaderBase.loadFactories(LoaderBase.java:80)
	at com.eviware.soapui.plugins.PluginLoader.loadPluginFactories(PluginLoader.java:141)
	at com.eviware.soapui.plugins.PluginLoader.loadPlugin(PluginLoader.java:104)
	at com.eviware.soapui.plugins.PluginLoader.loadPlugin(PluginLoader.java:54)
	at com.eviware.soapui.plugins.PluginManager.doInstallPlugin(PluginManager.java:141)
	at com.eviware.soapui.plugins.PluginManager.access$600(PluginManager.java:43)
	at com.eviware.soapui.plugins.PluginManager$LoadPluginsTask.computeSequentially(PluginManager.java:420)
	at com.eviware.soapui.plugins.PluginManager$LoadPluginsTask.compute(PluginManager.java:377)
	at com.eviware.soapui.plugins.PluginManager$LoadPluginsTask.compute(PluginManager.java:382)
	at com.eviware.soapui.plugins.PluginManager$LoadPluginsTask.compute(PluginManager.java:365)
	at java.util.concurrent.RecursiveTask.exec(RecursiveTask.java:94)
	at java.util.concurrent.ForkJoinTask.doExec(ForkJoinTask.java:289)
	at java.util.concurrent.ForkJoinPool$WorkQueue.runTask(ForkJoinPool.java:1056)
	at java.util.concurrent.ForkJoinPool.runWorker(ForkJoinPool.java:1692)
	at java.util.concurrent.ForkJoinWorkerThread.run(ForkJoinWorkerThread.java:157)
2020-11-18 11:27:34,500 ERROR [SoapUI] An error occurred [com.eviware.soapui.plugins.auto.factories.AutoImportMethodFactory], see error log for details
2020-11-18 11:27:34,504 ERROR [errorlog] java.lang.ClassNotFoundException: com.eviware.soapui.plugins.auto.factories.AutoImportMethodFactory
java.lang.ClassNotFoundException: com.eviware.soapui.plugins.auto.factories.AutoImportMethodFactory
	at org.codehaus.plexus.classworlds.strategy.SelfFirstStrategy.loadClass(SelfFirstStrategy.java:50)
	at org.codehaus.plexus.classworlds.realm.ClassRealm.unsynchronizedLoadClass(ClassRealm.java:271)
	at org.codehaus.plexus.classworlds.realm.ClassRealm.loadClass(ClassRealm.java:247)
	at org.codehaus.plexus.classworlds.realm.ClassRealm.loadClass(ClassRealm.java:239)
	at java.lang.Class.forName0(Native Method)
	at java.lang.Class.forName(Class.java:264)
	at com.eviware.soapui.plugins.LoaderBase.loadAutoFactories(LoaderBase.java:113)
	at com.eviware.soapui.plugins.LoaderBase.loadFactories(LoaderBase.java:80)
	at com.eviware.soapui.plugins.PluginLoader.loadPluginFactories(PluginLoader.java:141)
	at com.eviware.soapui.plugins.PluginLoader.loadPlugin(PluginLoader.java:104)
	at com.eviware.soapui.plugins.PluginLoader.loadPlugin(PluginLoader.java:54)
	at com.eviware.soapui.plugins.PluginManager.doInstallPlugin(PluginManager.java:141)
	at com.eviware.soapui.plugins.PluginManager.access$600(PluginManager.java:43)
	at com.eviware.soapui.plugins.PluginManager$LoadPluginsTask.computeSequentially(PluginManager.java:420)
	at com.eviware.soapui.plugins.PluginManager$LoadPluginsTask.compute(PluginManager.java:377)
	at com.eviware.soapui.plugins.PluginManager$LoadPluginsTask.compute(PluginManager.java:382)
	at com.eviware.soapui.plugins.PluginManager$LoadPluginsTask.compute(PluginManager.java:365)
	at java.util.concurrent.RecursiveTask.exec(RecursiveTask.java:94)
	at java.util.concurrent.ForkJoinTask.doExec(ForkJoinTask.java:289)
	at java.util.concurrent.ForkJoinPool$WorkQueue.runTask(ForkJoinPool.java:1056)
	at java.util.concurrent.ForkJoinPool.runWorker(ForkJoinPool.java:1692)
	at java.util.concurrent.ForkJoinWorkerThread.run(ForkJoinWorkerThread.java:157)
2020-11-18 11:27:34,715 INFO  [PluginManager] 5 plugins loaded in 4303 ms
2020-11-18 11:27:34,715 INFO  [DefaultSoapUICore] All plugins loaded
2020-11-18 11:27:36,441 INFO  [WsdlProject] Loaded project from [file:/C:/Users/RadhaSiddeshwaraiah/Documents/MTM/SoapAssignment/my-Aproj/catalogProductRepositoryV1-soapui-project.xml]
2020-11-18 11:27:36,451 INFO  [SoapUITestCaseRunner] Running SoapUI tests in project [catalogProductRepositoryV1]
2020-11-18 11:27:36,453 INFO  [SoapUITestCaseRunner] Running Project [catalogProductRepositoryV1], runType = SEQUENTIAL
2020-11-18 11:27:36,472 INFO  [SoapUITestCaseRunner] Running SoapUI testcase [EndtoEndProduct_Testing]
2020-11-18 11:27:36,504 INFO  [SoapUITestCaseRunner] running step [CreateNewProduct]
2020-11-18 11:27:53,741 INFO  [SchemaUtils] Added default schema from file:/C:/Users/RadhaSiddeshwaraiah/.m2/repository/com/smartbear/soapui/soapui/5.5.0/soapui-5.5.0.jar!/com/eviware/soapui/resources/xsds/xop.xsd with targetNamespace http://www.w3.org/2004/08/xop/include
2020-11-18 11:27:53,789 INFO  [SchemaUtils] Added default schema from file:/C:/Users/RadhaSiddeshwaraiah/.m2/repository/com/smartbear/soapui/soapui/5.5.0/soapui-5.5.0.jar!/com/eviware/soapui/resources/xsds/XMLSchema.xsd with targetNamespace http://www.w3.org/2001/XMLSchema
2020-11-18 11:27:53,824 INFO  [SchemaUtils] Added default schema from file:/C:/Users/RadhaSiddeshwaraiah/.m2/repository/com/smartbear/soapui/soapui/5.5.0/soapui-5.5.0.jar!/com/eviware/soapui/resources/xsds/xml.xsd with targetNamespace http://www.w3.org/XML/1998/namespace
2020-11-18 11:27:53,830 INFO  [SchemaUtils] Added default schema from file:/C:/Users/RadhaSiddeshwaraiah/.m2/repository/com/smartbear/soapui/soapui/5.5.0/soapui-5.5.0.jar!/com/eviware/soapui/resources/xsds/swaref.xsd with targetNamespace http://ws-i.org/profiles/basic/1.1/xsd
2020-11-18 11:27:53,839 INFO  [SchemaUtils] Added default schema from file:/C:/Users/RadhaSiddeshwaraiah/.m2/repository/com/smartbear/soapui/soapui/5.5.0/soapui-5.5.0.jar!/com/eviware/soapui/resources/xsds/xmime200505.xsd with targetNamespace http://www.w3.org/2005/05/xmlmime
2020-11-18 11:27:53,842 INFO  [SchemaUtils] Added default schema from file:/C:/Users/RadhaSiddeshwaraiah/.m2/repository/com/smartbear/soapui/soapui/5.5.0/soapui-5.5.0.jar!/com/eviware/soapui/resources/xsds/xmime200411.xsd with targetNamespace http://www.w3.org/2004/11/xmlmime
2020-11-18 11:27:53,857 INFO  [SchemaUtils] Added default schema from file:/C:/Users/RadhaSiddeshwaraiah/.m2/repository/com/smartbear/soapui/soapui/5.5.0/soapui-5.5.0.jar!/com/eviware/soapui/resources/xsds/soapEnvelope.xsd with targetNamespace http://schemas.xmlsoap.org/soap/envelope/
2020-11-18 11:27:53,865 INFO  [SchemaUtils] Added default schema from file:/C:/Users/RadhaSiddeshwaraiah/.m2/repository/com/smartbear/soapui/soapui/5.5.0/soapui-5.5.0.jar!/com/eviware/soapui/resources/xsds/soapEncoding.xsd with targetNamespace http://schemas.xmlsoap.org/soap/encoding/
2020-11-18 11:27:53,878 INFO  [SchemaUtils] Added default schema from file:/C:/Users/RadhaSiddeshwaraiah/.m2/repository/com/smartbear/soapui/soapui/5.5.0/soapui-5.5.0.jar!/com/eviware/soapui/resources/xsds/soapEnvelope12.xsd with targetNamespace http://www.w3.org/2003/05/soap-envelope
2020-11-18 11:27:53,889 INFO  [SchemaUtils] Added default schema from file:/C:/Users/RadhaSiddeshwaraiah/.m2/repository/com/smartbear/soapui/soapui/5.5.0/soapui-5.5.0.jar!/com/eviware/soapui/resources/xsds/soapEncoding12.xsd with targetNamespace http://www.w3.org/2003/05/soap-encoding
2020-11-18 11:27:53,894 INFO  [SchemaUtils] Loading schema types from [file:\C:\Users\RadhaSiddeshwaraiah\Documents\MTM\SOAP%20API%20WSDL%20EndPoints\SOAP%20API%20WSDL%20EndPoints\catalogProductRepositoryV1.xml]
2020-11-18 11:27:53,897 INFO  [SchemaUtils] Getting schema file:\C:\Users\RadhaSiddeshwaraiah\Documents\MTM\SOAP%20API%20WSDL%20EndPoints\SOAP%20API%20WSDL%20EndPoints\catalogProductRepositoryV1.xml
2020-11-18 11:27:55,104 INFO  [log] 12341893
2020-11-18 11:27:55,133 INFO  [log] SKU00001
2020-11-18 11:27:55,139 INFO  [log] MacBook Pen
2020-11-18 11:27:55,142 INFO  [log] testcase name is EndtoEndProduct_Testing
2020-11-18 11:27:55,155 INFO  [log] testsuite name is Product
2020-11-18 11:27:55,165 INFO  [SoapUITestCaseRunner] Assertion [SOAP Response] has status VALID
2020-11-18 11:27:55,165 INFO  [SoapUITestCaseRunner] Assertion [Schema Compliance] has status VALID
2020-11-18 11:27:55,166 INFO  [SoapUITestCaseRunner] Assertion [Not SOAP Fault] has status VALID
2020-11-18 11:27:55,172 INFO  [SoapUITestCaseRunner] Assertion [Script Assertion] has status VALID
2020-11-18 11:27:55,172 INFO  [SoapUITestCaseRunner] running step [ProductAllList]
2020-11-18 11:27:56,580 INFO  [SoapUITestCaseRunner] Assertion [SOAP Response] has status VALID
2020-11-18 11:27:56,586 INFO  [SoapUITestCaseRunner] Assertion [Schema Compliance] has status VALID
2020-11-18 11:27:56,587 INFO  [SoapUITestCaseRunner] Assertion [Not SOAP Fault] has status VALID
2020-11-18 11:27:56,588 INFO  [SoapUITestCaseRunner] running step [SearchProduct]
2020-11-18 11:27:58,061 INFO  [SoapUITestCaseRunner] Assertion [SOAP Response] has status VALID
2020-11-18 11:27:58,066 INFO  [SoapUITestCaseRunner] Assertion [Schema Compliance] has status VALID
2020-11-18 11:27:58,080 INFO  [SoapUITestCaseRunner] Assertion [Not SOAP Fault] has status VALID
2020-11-18 11:27:58,082 INFO  [SoapUITestCaseRunner] running step [DeleteProduct]
2020-11-18 11:27:59,667 INFO  [SoapUITestCaseRunner] Assertion [SOAP Response] has status VALID
2020-11-18 11:27:59,668 INFO  [SoapUITestCaseRunner] Assertion [Schema Compliance] has status VALID
2020-11-18 11:27:59,668 INFO  [SoapUITestCaseRunner] Assertion [Not SOAP Fault] has status VALID
2020-11-18 11:27:59,671 INFO  [SoapUITestCaseRunner] Finished running SoapUI testcase [EndtoEndProduct_Testing], time taken: 23104ms, status: FINISHED
2020-11-18 11:27:59,676 INFO  [SoapUITestCaseRunner] Running SoapUI testcase [PropertyExpansionProductTesting]
2020-11-18 11:27:59,677 INFO  [SoapUITestCaseRunner] running step [GetProductType]
2020-11-18 11:28:02,540 INFO  [SchemaUtils] Loading schema types from [file:\C:\Users\RadhaSiddeshwaraiah\Documents\MTM\SOAP%20API%20WSDL%20EndPoints\SOAP%20API%20WSDL%20EndPoints\catalogProductTypeListV1.xml]
2020-11-18 11:28:02,557 INFO  [SchemaUtils] Getting schema file:\C:\Users\RadhaSiddeshwaraiah\Documents\MTM\SOAP%20API%20WSDL%20EndPoints\SOAP%20API%20WSDL%20EndPoints\catalogProductTypeListV1.xml
2020-11-18 11:28:02,691 INFO  [log] simple
2020-11-18 11:28:02,727 INFO  [SoapUITestCaseRunner] running step [ProductTestData]
2020-11-18 11:28:02,738 INFO  [SoapUITestCaseRunner] running step [Call CreateNewProduct]
2020-11-18 11:28:05,605 INFO  [log] 
2020-11-18 11:28:05,606 INFO  [log] 
2020-11-18 11:28:05,609 INFO  [log] 
2020-11-18 11:28:05,615 INFO  [log] testcase name is PropertyExpansionProductTesting
2020-11-18 11:28:05,616 INFO  [log] testsuite name is Product
2020-11-18 11:28:05,617 INFO  [SoapUITestCaseRunner] Assertion [SOAP Response] has status VALID
2020-11-18 11:28:05,617 INFO  [SoapUITestCaseRunner] Assertion [Schema Compliance] has status VALID
2020-11-18 11:28:05,618 INFO  [SoapUITestCaseRunner] Assertion [Script Assertion] has status VALID
2020-11-18 11:28:05,619 INFO  [SoapUITestCaseRunner] running step [Call ProductAllList]
2020-11-18 11:28:07,414 INFO  [SoapUITestCaseRunner] Assertion [SOAP Response] has status VALID
2020-11-18 11:28:07,422 INFO  [SoapUITestCaseRunner] Assertion [Schema Compliance] has status VALID
2020-11-18 11:28:07,427 INFO  [SoapUITestCaseRunner] Assertion [Not SOAP Fault] has status VALID
2020-11-18 11:28:07,429 INFO  [SoapUITestCaseRunner] running step [Call SearchProduct]
2020-11-18 11:28:10,752 WARN  [WsdlValidator] Missing matching Fault in wsdl for bindingOperation [catalogProductRepositoryV1Get]
2020-11-18 11:28:10,753 INFO  [SoapUITestCaseRunner] Assertion [SOAP Response] has status VALID
2020-11-18 11:28:10,753 INFO  [SoapUITestCaseRunner] Assertion [Schema Compliance] has status VALID
2020-11-18 11:28:10,758 INFO  [SoapUITestCaseRunner] running step [Call DeleteProduct]
2020-11-18 11:28:11,989 WARN  [WsdlValidator] Missing matching Fault in wsdl for bindingOperation [catalogProductRepositoryV1DeleteById]
2020-11-18 11:28:11,998 INFO  [SoapUITestCaseRunner] Assertion [SOAP Response] has status VALID
2020-11-18 11:28:12,001 INFO  [SoapUITestCaseRunner] Assertion [Schema Compliance] has status VALID
2020-11-18 11:28:12,003 INFO  [SoapUITestCaseRunner] Finished running SoapUI testcase [PropertyExpansionProductTesting], time taken: 12277ms, status: FINISHED
2020-11-18 11:28:12,025 INFO  [SoapUITestCaseRunner] Running SoapUI testcase [FetchProductType]
2020-11-18 11:28:12,031 INFO  [SoapUITestCaseRunner] running step [ProductType]
2020-11-18 11:28:13,359 INFO  [SoapUITestCaseRunner] Assertion [SOAP Response] has status VALID
2020-11-18 11:28:13,361 INFO  [SoapUITestCaseRunner] Assertion [Schema Compliance] has status VALID
2020-11-18 11:28:13,365 INFO  [SoapUITestCaseRunner] Assertion [Not SOAP Fault] has status VALID
2020-11-18 11:28:13,366 INFO  [SoapUITestCaseRunner] Finished running SoapUI testcase [FetchProductType], time taken: 1327ms, status: FINISHED
2020-11-18 11:28:13,371 INFO  [SoapUITestCaseRunner] Project [catalogProductRepositoryV1] finished with status [FINISHED] in 36911ms
2020-11-18 11:28:17,229 WARN  [Tools] Could not delete temporary directory C:\Users\RADHAS~1\AppData\Local\Temp\a1079cf8-3bf1-4add-872a-8f738f348876
2020-11-18 11:28:17,244 WARN  [Tools] Could not delete temporary directory C:\Users\RADHAS~1\AppData\Local\Temp\e1c043ac-311f-4618-b426-68732b201a36
